#
# A fatal error has been detected by the Java Runtime Environment:
#
#  Internal Error (javaClasses.cpp:129), pid=1784, tid=2268
#  fatal error: Invalid layout of preloaded class
#
# JRE version: 7.0_17-b02
# Java VM: Java HotSpot(TM) 64-Bit Server VM (23.7-b01 mixed mode windows-amd64 compressed oops)
# Failed to write core dump. Minidumps are not enabled by default on client versions of Windows
#
# If you would like to submit a bug report, please visit:
#   http://bugreport.sun.com/bugreport/crash.jsp
#

---------------  T H R E A D  ---------------

Current thread (0x000000000036c800):  JavaThread "Unknown thread" [_thread_in_vm, id=2268, stack(0x0000000001ef0000,0x0000000001ff0000)]

Stack: [0x0000000001ef0000,0x0000000001ff0000]

---------------  P R O C E S S  ---------------

Java Threads: ( => current thread )

Other Threads:

=>0x000000000036c800 (exited) JavaThread "Unknown thread" [_thread_in_vm, id=2268, stack(0x0000000001ef0000,0x0000000001ff0000)]

VM state:not at safepoint (not fully initialized)

VM Mutex/Monitor currently owned by a thread: None

GC Heap History (0 events):
No events

Deoptimization events (0 events):
No events

Internal exceptions (0 events):
No events

Events (10 events):
Event: 0.011 loading class 0x0000000001e527e0 done
Event: 0.012 loading class 0x0000000001e19db0 done
Event: 0.012 loading class 0x0000000001e19d80
Event: 0.012 loading class 0x000000000823e540
Event: 0.012 loading class 0x000000000823e540 done
Event: 0.012 loading class 0x000000000823e580
Event: 0.012 loading class 0x000000000823e580 done
Event: 0.012 loading class 0x0000000001ea99d0
Event: 0.012 loading class 0x0000000001ea99d0 done
Event: 0.012 loading class 0x0000000001e19d80 done


Dynamic libraries:
0x000000013ff40000 - 0x000000013ff73000 	C:\Program Files\Java\jre7\bin\javaw.exe
0x00000000770d0000 - 0x0000000077279000 	C:\Windows\SYSTEM32\ntdll.dll
0x0000000076eb0000 - 0x0000000076fcf000 	C:\Windows\system32\kernel32.dll
0x000007fefd270000 - 0x000007fefd2db000 	C:\Windows\system32\KERNELBASE.dll
0x000007fefe4b0000 - 0x000007fefe58b000 	C:\Windows\system32\ADVAPI32.dll
0x000007feff0f0000 - 0x000007feff18f000 	C:\Windows\system32\msvcrt.dll
0x000007fefeb20000 - 0x000007fefeb3f000 	C:\Windows\SYSTEM32\sechost.dll
0x000007fefd3e0000 - 0x000007fefd50d000 	C:\Windows\system32\RPCRT4.dll
0x0000000076fd0000 - 0x00000000770ca000 	C:\Windows\system32\USER32.dll
0x000007fefee50000 - 0x000007fefeeb7000 	C:\Windows\system32\GDI32.dll
0x000007fefd3c0000 - 0x000007fefd3ce000 	C:\Windows\system32\LPK.dll
0x000007fefe8f0000 - 0x000007fefe9b9000 	C:\Windows\system32\USP10.dll
0x000007fefbad0000 - 0x000007fefbcc4000 	C:\Windows\WinSxS\amd64_microsoft.windows.common-controls_6595b64144ccf1df_6.0.7601.17514_none_fa396087175ac9ac\COMCTL32.dll
0x000007fefd2e0000 - 0x000007fefd351000 	C:\Windows\system32\SHLWAPI.dll
0x000007fefeb40000 - 0x000007fefeb6e000 	C:\Windows\system32\IMM32.DLL
0x000007fefef60000 - 0x000007feff069000 	C:\Windows\system32\MSCTF.dll
0x0000000074920000 - 0x00000000749f1000 	C:\Program Files\Java\jre7\bin\msvcr100.dll
0x0000000074200000 - 0x000000007491f000 	C:\Program Files\Java\jre7\bin\server\jvm.dll
0x000007fefaa70000 - 0x000007fefaa79000 	C:\Windows\system32\WSOCK32.dll
0x000007fefee00000 - 0x000007fefee4d000 	C:\Windows\system32\WS2_32.dll
0x000007fefd3d0000 - 0x000007fefd3d8000 	C:\Windows\system32\NSI.dll
0x000007fefaa20000 - 0x000007fefaa5b000 	C:\Windows\system32\WINMM.dll
0x0000000077290000 - 0x0000000077297000 	C:\Windows\system32\PSAPI.DLL
0x00000000741f0000 - 0x00000000741ff000 	C:\Program Files\Java\jre7\bin\verify.dll
0x00000000741c0000 - 0x00000000741e8000 	C:\Program Files\Java\jre7\bin\java.dll
0x0000000073470000 - 0x0000000073485000 	C:\Program Files\Java\jre7\bin\zip.dll

VM Arguments:
jvm_args: -Dfile.encoding=Cp1252 -Xbootclasspath:C:\Users\Rémy DIAS\Desktop\Android\adt-bundle-windows-x86_64-20131030\sdk\platforms\android-19\android.jar 
java_command: com.example.findmyinternship.YO
Launcher Type: SUN_STANDARD

Environment Variables:
PATH=C:\Program Files\Common Files\Microsoft Shared\Windows Live;C:\Program Files (x86)\Common Files\Microsoft Shared\Windows Live;C:\Windows\system32;C:\Windows;C:\Windows\System32\Wbem;C:\Windows\System32\WindowsPowerShell\v1.0\;C:\Program Files (x86)\Sony\VAIO Startup Setting Tool;C:\Program Files (x86)\Windows Live\Shared;C:\Users\Rémy\AppData\Local\Android\android-sdk;c:\mingw\bin;C:\Android\adt-bundle-windows-x86_64-20130522
USERNAME=Rémy DIAS
OS=Windows_NT
PROCESSOR_IDENTIFIER=Intel64 Family 6 Model 42 Stepping 7, GenuineIntel



---------------  S Y S T E M  ---------------

OS: Windows 7 , 64 bit Build 7601 Service Pack 1

CPU:total 2 (2 cores per cpu, 1 threads per core) family 6 model 42 stepping 7, cmov, cx8, fxsr, mmx, sse, sse2, sse3, ssse3, sse4.1, sse4.2, popcnt, tsc, tscinvbit

Memory: 4k page, physical 4140912k(1105964k free), swap 8279960k(4942216k free)

vm_info: Java HotSpot(TM) 64-Bit Server VM (23.7-b01) for windows-amd64 JRE (1.7.0_17-b02), built on Mar  1 2013 03:38:30 by "java_re" with unknown MS VC++:1600

time: Tue Nov 19 23:49:17 2013
elapsed time: 0 seconds

